app/build/intermediates/manifest_merge_blame_file/debug/manifest-merger-blame-debug-report.txt
1<?xml version="1.0" encoding="utf-8"?>
2<manifest xmlns:android="http://schemas.android.com/apk/res/android"
3    package="com.ada.android"
4    android:versionCode="1"
5    android:versionName="1.0.0" >
6
7    <uses-sdk
8        android:minSdkVersion="33"
9        android:targetSdkVersion="34" />
10
11    <!-- Network permissions -->
12    <uses-permission android:name="android.permission.INTERNET" />
12-->src\main\AndroidManifest.xml:6:5-67
12-->src\main\AndroidManifest.xml:6:22-64
13    <uses-permission android:name="android.permission.ACCESS_NETWORK_STATE" />
13-->src\main\AndroidManifest.xml:7:5-79
13-->src\main\AndroidManifest.xml:7:22-76
14
15    <!-- Biometric authentication -->
16    <uses-permission android:name="android.permission.USE_BIOMETRIC" />
16-->src\main\AndroidManifest.xml:10:5-72
16-->src\main\AndroidManifest.xml:10:22-69
17    <uses-permission android:name="android.permission.USE_FINGERPRINT" />
17-->src\main\AndroidManifest.xml:11:5-74
17-->src\main\AndroidManifest.xml:11:22-71
18
19    <!-- Camera for face enrollment -->
20    <uses-permission android:name="android.permission.CAMERA" />
20-->src\main\AndroidManifest.xml:14:5-65
20-->src\main\AndroidManifest.xml:14:22-62
21
22    <uses-feature
22-->src\main\AndroidManifest.xml:15:5-85
23        android:name="android.hardware.camera"
23-->src\main\AndroidManifest.xml:15:19-57
24        android:required="false" />
24-->src\main\AndroidManifest.xml:15:58-82
25    <uses-feature
25-->src\main\AndroidManifest.xml:16:5-95
26        android:name="android.hardware.camera.autofocus"
26-->src\main\AndroidManifest.xml:16:19-67
27        android:required="false" />
27-->src\main\AndroidManifest.xml:16:68-92
28
29    <!-- Microphone for voice enrollment -->
30    <uses-permission android:name="android.permission.RECORD_AUDIO" />
30-->src\main\AndroidManifest.xml:19:5-71
30-->src\main\AndroidManifest.xml:19:22-68
31
32    <!-- Vibration for notifications -->
33    <uses-permission android:name="android.permission.VIBRATE" />
33-->src\main\AndroidManifest.xml:22:5-66
33-->src\main\AndroidManifest.xml:22:22-63
34
35    <!-- Wake lock for push notifications -->
36    <uses-permission android:name="android.permission.WAKE_LOCK" />
36-->src\main\AndroidManifest.xml:25:5-68
36-->src\main\AndroidManifest.xml:25:22-65
37
38    <!-- Notification permission (Android 13+) -->
39    <uses-permission android:name="android.permission.POST_NOTIFICATIONS" />
39-->src\main\AndroidManifest.xml:28:5-77
39-->src\main\AndroidManifest.xml:28:22-74
40
41    <!-- Foreground service permissions (Android 13+) -->
42    <uses-permission android:name="android.permission.FOREGROUND_SERVICE" />
42-->src\main\AndroidManifest.xml:31:5-77
42-->src\main\AndroidManifest.xml:31:22-74
43    <uses-permission android:name="android.permission.FOREGROUND_SERVICE_DATA_SYNC" />
43-->src\main\AndroidManifest.xml:32:5-87
43-->src\main\AndroidManifest.xml:32:22-84
44
45    <!-- Nearby devices permission (Android 13+ for Bluetooth/WiFi) -->
46    <uses-permission android:name="android.permission.NEARBY_WIFI_DEVICES" />
46-->src\main\AndroidManifest.xml:35:5-78
46-->src\main\AndroidManifest.xml:35:22-75
47
48    <!-- Schedule exact alarm for reminders (Android 13+) -->
49    <uses-permission android:name="android.permission.SCHEDULE_EXACT_ALARM" />
49-->src\main\AndroidManifest.xml:38:5-79
49-->src\main\AndroidManifest.xml:38:22-76
50
51    <!-- Optional: Location for context-aware features -->
52    <uses-permission android:name="android.permission.ACCESS_FINE_LOCATION" />
52-->src\main\AndroidManifest.xml:41:5-79
52-->src\main\AndroidManifest.xml:41:22-76
53    <uses-permission android:name="android.permission.ACCESS_COARSE_LOCATION" />
53-->src\main\AndroidManifest.xml:42:5-81
53-->src\main\AndroidManifest.xml:42:22-78
54
55    <!-- Required by older versions of Google Play services to create IID tokens -->
56    <uses-permission android:name="com.google.android.c2dm.permission.RECEIVE" />
56-->[com.google.firebase:firebase-messaging:24.0.0] AndroidManifest.xml:26:5-82
56-->[com.google.firebase:firebase-messaging:24.0.0] AndroidManifest.xml:26:22-79
57    <uses-permission android:name="com.google.android.gms.permission.AD_ID" />
57-->[com.google.android.gms:play-services-measurement-api:22.0.1] AndroidManifest.xml:25:5-79
57-->[com.google.android.gms:play-services-measurement-api:22.0.1] AndroidManifest.xml:25:22-76
58    <uses-permission android:name="android.permission.ACCESS_ADSERVICES_ATTRIBUTION" />
58-->[com.google.android.gms:play-services-measurement-api:22.0.1] AndroidManifest.xml:26:5-88
58-->[com.google.android.gms:play-services-measurement-api:22.0.1] AndroidManifest.xml:26:22-85
59    <uses-permission android:name="android.permission.ACCESS_ADSERVICES_AD_ID" />
59-->[com.google.android.gms:play-services-measurement-api:22.0.1] AndroidManifest.xml:27:5-82
59-->[com.google.android.gms:play-services-measurement-api:22.0.1] AndroidManifest.xml:27:22-79
60    <uses-permission android:name="com.google.android.finsky.permission.BIND_GET_INSTALL_REFERRER_SERVICE" />
60-->[com.google.android.gms:play-services-measurement:22.0.1] AndroidManifest.xml:26:5-110
60-->[com.google.android.gms:play-services-measurement:22.0.1] AndroidManifest.xml:26:22-107
61
62    <permission
62-->[androidx.core:core:1.13.1] AndroidManifest.xml:22:5-24:47
63        android:name="com.ada.android.DYNAMIC_RECEIVER_NOT_EXPORTED_PERMISSION"
63-->[androidx.core:core:1.13.1] AndroidManifest.xml:23:9-81
64        android:protectionLevel="signature" />
64-->[androidx.core:core:1.13.1] AndroidManifest.xml:24:9-44
65
66    <uses-permission android:name="com.ada.android.DYNAMIC_RECEIVER_NOT_EXPORTED_PERMISSION" />
66-->[androidx.core:core:1.13.1] AndroidManifest.xml:26:5-97
66-->[androidx.core:core:1.13.1] AndroidManifest.xml:26:22-94
67
68    <application
68-->src\main\AndroidManifest.xml:44:5-92:19
69        android:name="com.ada.android.ADAApplication"
69-->src\main\AndroidManifest.xml:45:9-39
70        android:allowBackup="true"
70-->src\main\AndroidManifest.xml:46:9-35
71        android:appComponentFactory="androidx.core.app.CoreComponentFactory"
71-->[androidx.core:core:1.13.1] AndroidManifest.xml:28:18-86
72        android:dataExtractionRules="@xml/data_extraction_rules"
72-->src\main\AndroidManifest.xml:47:9-65
73        android:debuggable="true"
74        android:extractNativeLibs="false"
75        android:fullBackupContent="@xml/backup_rules"
75-->src\main\AndroidManifest.xml:48:9-54
76        android:icon="@mipmap/ic_launcher"
76-->src\main\AndroidManifest.xml:49:9-43
77        android:label="@string/app_name"
77-->src\main\AndroidManifest.xml:50:9-41
78        android:networkSecurityConfig="@xml/network_security_config"
78-->src\main\AndroidManifest.xml:54:9-69
79        android:roundIcon="@mipmap/ic_launcher_round"
79-->src\main\AndroidManifest.xml:51:9-54
80        android:supportsRtl="true"
80-->src\main\AndroidManifest.xml:52:9-35
81        android:theme="@style/Theme.ADA" >
81-->src\main\AndroidManifest.xml:53:9-41
82
83        <!-- Main Activity -->
84        <activity
84-->src\main\AndroidManifest.xml:58:9-66:20
85            android:name="com.ada.android.MainActivity"
85-->src\main\AndroidManifest.xml:59:13-41
86            android:exported="true"
86-->src\main\AndroidManifest.xml:60:13-36
87            android:theme="@style/Theme.ADA" >
87-->src\main\AndroidManifest.xml:61:13-45
88            <intent-filter>
88-->src\main\AndroidManifest.xml:62:13-65:29
89                <action android:name="android.intent.action.MAIN" />
89-->src\main\AndroidManifest.xml:63:17-69
89-->src\main\AndroidManifest.xml:63:25-66
90
91                <category android:name="android.intent.category.LAUNCHER" />
91-->src\main\AndroidManifest.xml:64:17-77
91-->src\main\AndroidManifest.xml:64:27-74
92            </intent-filter>
93        </activity>
94
95        <!-- Firebase Cloud Messaging Service -->
96        <service
96-->src\main\AndroidManifest.xml:69:9-75:19
97            android:name="com.ada.android.services.ADAFirebaseMessagingService"
97-->src\main\AndroidManifest.xml:70:13-65
98            android:exported="false" >
98-->src\main\AndroidManifest.xml:71:13-37
99            <intent-filter>
99-->src\main\AndroidManifest.xml:72:13-74:29
100                <action android:name="com.google.firebase.MESSAGING_EVENT" />
100-->src\main\AndroidManifest.xml:73:17-78
100-->src\main\AndroidManifest.xml:73:25-75
101            </intent-filter>
102        </service>
103
104        <!-- FCM default notification channel -->
105        <meta-data
105-->src\main\AndroidManifest.xml:78:9-80:49
106            android:name="com.google.firebase.messaging.default_notification_channel_id"
106-->src\main\AndroidManifest.xml:79:13-89
107            android:value="ada_notifications" />
107-->src\main\AndroidManifest.xml:80:13-46
108
109        <!-- FCM default notification icon -->
110        <meta-data
110-->src\main\AndroidManifest.xml:83:9-85:60
111            android:name="com.google.firebase.messaging.default_notification_icon"
111-->src\main\AndroidManifest.xml:84:13-83
112            android:resource="@drawable/ic_notification" />
112-->src\main\AndroidManifest.xml:85:13-57
113
114        <!-- FCM default notification color -->
115        <meta-data
115-->src\main\AndroidManifest.xml:88:9-90:50
116            android:name="com.google.firebase.messaging.default_notification_color"
116-->src\main\AndroidManifest.xml:89:13-84
117            android:resource="@color/ada_cyan" />
117-->src\main\AndroidManifest.xml:90:13-47
118
119        <!--
120        Service for holding metadata. Cannot be instantiated.
121        Metadata will be merged from other manifests.
122        -->
123        <service
123-->[androidx.camera:camera-core:1.3.4] AndroidManifest.xml:29:9-33:78
124            android:name="androidx.camera.core.impl.MetadataHolderService"
124-->[androidx.camera:camera-core:1.3.4] AndroidManifest.xml:30:13-75
125            android:enabled="false"
125-->[androidx.camera:camera-core:1.3.4] AndroidManifest.xml:31:13-36
126            android:exported="false" >
126-->[androidx.camera:camera-core:1.3.4] AndroidManifest.xml:32:13-37
127            <meta-data
127-->[androidx.camera:camera-camera2:1.3.4] AndroidManifest.xml:30:13-32:89
128                android:name="androidx.camera.core.impl.MetadataHolderService.DEFAULT_CONFIG_PROVIDER"
128-->[androidx.camera:camera-camera2:1.3.4] AndroidManifest.xml:31:17-103
129                android:value="androidx.camera.camera2.Camera2Config$DefaultProvider" />
129-->[androidx.camera:camera-camera2:1.3.4] AndroidManifest.xml:32:17-86
130        </service>
131        <service
131-->[com.google.firebase:firebase-analytics-ktx:22.0.1] AndroidManifest.xml:8:9-14:19
132            android:name="com.google.firebase.components.ComponentDiscoveryService"
132-->[com.google.firebase:firebase-analytics-ktx:22.0.1] AndroidManifest.xml:9:13-84
133            android:directBootAware="true"
133-->[com.google.firebase:firebase-common:21.0.0] AndroidManifest.xml:32:13-43
134            android:exported="false" >
134-->[com.google.firebase:firebase-analytics-ktx:22.0.1] AndroidManifest.xml:10:13-37
135            <meta-data
135-->[com.google.firebase:firebase-analytics-ktx:22.0.1] AndroidManifest.xml:11:13-13:85
136                android:name="com.google.firebase.components:com.google.firebase.analytics.ktx.FirebaseAnalyticsLegacyRegistrar"
136-->[com.google.firebase:firebase-analytics-ktx:22.0.1] AndroidManifest.xml:12:17-129
137                android:value="com.google.firebase.components.ComponentRegistrar" />
137-->[com.google.firebase:firebase-analytics-ktx:22.0.1] AndroidManifest.xml:13:17-82
138            <meta-data
138-->[com.google.firebase:firebase-messaging-ktx:24.0.0] AndroidManifest.xml:26:13-28:85
139                android:name="com.google.firebase.components:com.google.firebase.messaging.ktx.FirebaseMessagingLegacyRegistrar"
139-->[com.google.firebase:firebase-messaging-ktx:24.0.0] AndroidManifest.xml:27:17-129
140                android:value="com.google.firebase.components.ComponentRegistrar" />
140-->[com.google.firebase:firebase-messaging-ktx:24.0.0] AndroidManifest.xml:28:17-82
141            <meta-data
141-->[com.google.firebase:firebase-messaging:24.0.0] AndroidManifest.xml:57:13-59:85
142                android:name="com.google.firebase.components:com.google.firebase.messaging.FirebaseMessagingKtxRegistrar"
142-->[com.google.firebase:firebase-messaging:24.0.0] AndroidManifest.xml:58:17-122
143                android:value="com.google.firebase.components.ComponentRegistrar" />
143-->[com.google.firebase:firebase-messaging:24.0.0] AndroidManifest.xml:59:17-82
144            <meta-data
144-->[com.google.firebase:firebase-messaging:24.0.0] AndroidManifest.xml:60:13-62:85
145                android:name="com.google.firebase.components:com.google.firebase.messaging.FirebaseMessagingRegistrar"
145-->[com.google.firebase:firebase-messaging:24.0.0] AndroidManifest.xml:61:17-119
146                android:value="com.google.firebase.components.ComponentRegistrar" />
146-->[com.google.firebase:firebase-messaging:24.0.0] AndroidManifest.xml:62:17-82
147            <meta-data
147-->[com.google.android.gms:play-services-measurement-api:22.0.1] AndroidManifest.xml:37:13-39:85
148                android:name="com.google.firebase.components:com.google.firebase.analytics.connector.internal.AnalyticsConnectorRegistrar"
148-->[com.google.android.gms:play-services-measurement-api:22.0.1] AndroidManifest.xml:38:17-139
149                android:value="com.google.firebase.components.ComponentRegistrar" />
149-->[com.google.android.gms:play-services-measurement-api:22.0.1] AndroidManifest.xml:39:17-82
150            <meta-data
150-->[com.google.firebase:firebase-installations:18.0.0] AndroidManifest.xml:15:13-17:85
151                android:name="com.google.firebase.components:com.google.firebase.installations.FirebaseInstallationsKtxRegistrar"
151-->[com.google.firebase:firebase-installations:18.0.0] AndroidManifest.xml:16:17-130
152                android:value="com.google.firebase.components.ComponentRegistrar" />
152-->[com.google.firebase:firebase-installations:18.0.0] AndroidManifest.xml:17:17-82
153            <meta-data
153-->[com.google.firebase:firebase-installations:18.0.0] AndroidManifest.xml:18:13-20:85
154                android:name="com.google.firebase.components:com.google.firebase.installations.FirebaseInstallationsRegistrar"
154-->[com.google.firebase:firebase-installations:18.0.0] AndroidManifest.xml:19:17-127
155                android:value="com.google.firebase.components.ComponentRegistrar" />
155-->[com.google.firebase:firebase-installations:18.0.0] AndroidManifest.xml:20:17-82
156            <meta-data
156-->[com.google.firebase:firebase-common-ktx:21.0.0] AndroidManifest.xml:12:13-14:85
157                android:name="com.google.firebase.components:com.google.firebase.ktx.FirebaseCommonLegacyRegistrar"
157-->[com.google.firebase:firebase-common-ktx:21.0.0] AndroidManifest.xml:13:17-116
158                android:value="com.google.firebase.components.ComponentRegistrar" />
158-->[com.google.firebase:firebase-common-ktx:21.0.0] AndroidManifest.xml:14:17-82
159            <meta-data
159-->[com.google.firebase:firebase-common:21.0.0] AndroidManifest.xml:35:13-37:85
160                android:name="com.google.firebase.components:com.google.firebase.FirebaseCommonKtxRegistrar"
160-->[com.google.firebase:firebase-common:21.0.0] AndroidManifest.xml:36:17-109
161                android:value="com.google.firebase.components.ComponentRegistrar" />
161-->[com.google.firebase:firebase-common:21.0.0] AndroidManifest.xml:37:17-82
162            <meta-data
162-->[com.google.firebase:firebase-datatransport:18.2.0] AndroidManifest.xml:25:13-27:85
163                android:name="com.google.firebase.components:com.google.firebase.datatransport.TransportRegistrar"
163-->[com.google.firebase:firebase-datatransport:18.2.0] AndroidManifest.xml:26:17-115
164                android:value="com.google.firebase.components.ComponentRegistrar" />
164-->[com.google.firebase:firebase-datatransport:18.2.0] AndroidManifest.xml:27:17-82
165        </service>
166
167        <receiver
167-->[com.google.firebase:firebase-messaging:24.0.0] AndroidManifest.xml:29:9-40:20
168            android:name="com.google.firebase.iid.FirebaseInstanceIdReceiver"
168-->[com.google.firebase:firebase-messaging:24.0.0] AndroidManifest.xml:30:13-78
169            android:exported="true"
169-->[com.google.firebase:firebase-messaging:24.0.0] AndroidManifest.xml:31:13-36
170            android:permission="com.google.android.c2dm.permission.SEND" >
170-->[com.google.firebase:firebase-messaging:24.0.0] AndroidManifest.xml:32:13-73
171            <intent-filter>
171-->[com.google.firebase:firebase-messaging:24.0.0] AndroidManifest.xml:33:13-35:29
172                <action android:name="com.google.android.c2dm.intent.RECEIVE" />
172-->[com.google.firebase:firebase-messaging:24.0.0] AndroidManifest.xml:34:17-81
172-->[com.google.firebase:firebase-messaging:24.0.0] AndroidManifest.xml:34:25-78
173            </intent-filter>
174
175            <meta-data
175-->[com.google.firebase:firebase-messaging:24.0.0] AndroidManifest.xml:37:13-39:40
176                android:name="com.google.android.gms.cloudmessaging.FINISHED_AFTER_HANDLED"
176-->[com.google.firebase:firebase-messaging:24.0.0] AndroidManifest.xml:38:17-92
177                android:value="true" />
177-->[com.google.firebase:firebase-messaging:24.0.0] AndroidManifest.xml:39:17-37
178        </receiver>
179        <!--
180             FirebaseMessagingService performs security checks at runtime,
181             but set to not exported to explicitly avoid allowing another app to call it.
182        -->
183        <service
183-->[com.google.firebase:firebase-messaging:24.0.0] AndroidManifest.xml:46:9-53:19
184            android:name="com.google.firebase.messaging.FirebaseMessagingService"
184-->[com.google.firebase:firebase-messaging:24.0.0] AndroidManifest.xml:47:13-82
185            android:directBootAware="true"
185-->[com.google.firebase:firebase-messaging:24.0.0] AndroidManifest.xml:48:13-43
186            android:exported="false" >
186-->[com.google.firebase:firebase-messaging:24.0.0] AndroidManifest.xml:49:13-37
187            <intent-filter android:priority="-500" >
187-->src\main\AndroidManifest.xml:72:13-74:29
188                <action android:name="com.google.firebase.MESSAGING_EVENT" />
188-->src\main\AndroidManifest.xml:73:17-78
188-->src\main\AndroidManifest.xml:73:25-75
189            </intent-filter>
190        </service>
191
192        <property
192-->[com.google.android.gms:play-services-measurement-api:22.0.1] AndroidManifest.xml:30:9-32:61
193            android:name="android.adservices.AD_SERVICES_CONFIG"
193-->[com.google.android.gms:play-services-measurement-api:22.0.1] AndroidManifest.xml:31:13-65
194            android:resource="@xml/ga_ad_services_config" />
194-->[com.google.android.gms:play-services-measurement-api:22.0.1] AndroidManifest.xml:32:13-58
195
196        <provider
196-->[com.google.firebase:firebase-common:21.0.0] AndroidManifest.xml:23:9-28:39
197            android:name="com.google.firebase.provider.FirebaseInitProvider"
197-->[com.google.firebase:firebase-common:21.0.0] AndroidManifest.xml:24:13-77
198            android:authorities="com.ada.android.firebaseinitprovider"
198-->[com.google.firebase:firebase-common:21.0.0] AndroidManifest.xml:25:13-72
199            android:directBootAware="true"
199-->[com.google.firebase:firebase-common:21.0.0] AndroidManifest.xml:26:13-43
200            android:exported="false"
200-->[com.google.firebase:firebase-common:21.0.0] AndroidManifest.xml:27:13-37
201            android:initOrder="100" />
201-->[com.google.firebase:firebase-common:21.0.0] AndroidManifest.xml:28:13-36
202
203        <receiver
203-->[com.google.android.gms:play-services-measurement:22.0.1] AndroidManifest.xml:29:9-33:20
204            android:name="com.google.android.gms.measurement.AppMeasurementReceiver"
204-->[com.google.android.gms:play-services-measurement:22.0.1] AndroidManifest.xml:30:13-85
205            android:enabled="true"
205-->[com.google.android.gms:play-services-measurement:22.0.1] AndroidManifest.xml:31:13-35
206            android:exported="false" >
206-->[com.google.android.gms:play-services-measurement:22.0.1] AndroidManifest.xml:32:13-37
207        </receiver>
208
209        <service
209-->[com.google.android.gms:play-services-measurement:22.0.1] AndroidManifest.xml:35:9-38:40
210            android:name="com.google.android.gms.measurement.AppMeasurementService"
210-->[com.google.android.gms:play-services-measurement:22.0.1] AndroidManifest.xml:36:13-84
211            android:enabled="true"
211-->[com.google.android.gms:play-services-measurement:22.0.1] AndroidManifest.xml:37:13-35
212            android:exported="false" />
212-->[com.google.android.gms:play-services-measurement:22.0.1] AndroidManifest.xml:38:13-37
213        <service
213-->[com.google.android.gms:play-services-measurement:22.0.1] AndroidManifest.xml:39:9-43:72
214            android:name="com.google.android.gms.measurement.AppMeasurementJobService"
214-->[com.google.android.gms:play-services-measurement:22.0.1] AndroidManifest.xml:40:13-87
215            android:enabled="true"
215-->[com.google.android.gms:play-services-measurement:22.0.1] AndroidManifest.xml:41:13-35
216            android:exported="false"
216-->[com.google.android.gms:play-services-measurement:22.0.1] AndroidManifest.xml:42:13-37
217            android:permission="android.permission.BIND_JOB_SERVICE" />
217-->[com.google.android.gms:play-services-measurement:22.0.1] AndroidManifest.xml:43:13-69
218
219        <provider
219-->[androidx.emoji2:emoji2:1.3.0] AndroidManifest.xml:24:9-32:20
220            android:name="androidx.startup.InitializationProvider"
220-->[androidx.emoji2:emoji2:1.3.0] AndroidManifest.xml:25:13-67
221            android:authorities="com.ada.android.androidx-startup"
221-->[androidx.emoji2:emoji2:1.3.0] AndroidManifest.xml:26:13-68
222            android:exported="false" >
222-->[androidx.emoji2:emoji2:1.3.0] AndroidManifest.xml:27:13-37
223            <meta-data
223-->[androidx.emoji2:emoji2:1.3.0] AndroidManifest.xml:29:13-31:52
224                android:name="androidx.emoji2.text.EmojiCompatInitializer"
224-->[androidx.emoji2:emoji2:1.3.0] AndroidManifest.xml:30:17-75
225                android:value="androidx.startup" />
225-->[androidx.emoji2:emoji2:1.3.0] AndroidManifest.xml:31:17-49
226            <meta-data
226-->[androidx.lifecycle:lifecycle-process:2.8.0] AndroidManifest.xml:29:13-31:52
227                android:name="androidx.lifecycle.ProcessLifecycleInitializer"
227-->[androidx.lifecycle:lifecycle-process:2.8.0] AndroidManifest.xml:30:17-78
228                android:value="androidx.startup" />
228-->[androidx.lifecycle:lifecycle-process:2.8.0] AndroidManifest.xml:31:17-49
229            <meta-data
229-->[androidx.profileinstaller:profileinstaller:1.3.1] AndroidManifest.xml:29:13-31:52
230                android:name="androidx.profileinstaller.ProfileInstallerInitializer"
230-->[androidx.profileinstaller:profileinstaller:1.3.1] AndroidManifest.xml:30:17-85
231                android:value="androidx.startup" />
231-->[androidx.profileinstaller:profileinstaller:1.3.1] AndroidManifest.xml:31:17-49
232        </provider>
233
234        <activity
234-->[androidx.compose.ui:ui-test-manifest:1.6.7] AndroidManifest.xml:23:9-25:39
235            android:name="androidx.activity.ComponentActivity"
235-->[androidx.compose.ui:ui-test-manifest:1.6.7] AndroidManifest.xml:24:13-63
236            android:exported="true" />
236-->[androidx.compose.ui:ui-test-manifest:1.6.7] AndroidManifest.xml:25:13-36
237        <activity
237-->[androidx.compose.ui:ui-tooling-android:1.6.7] AndroidManifest.xml:23:9-25:39
238            android:name="androidx.compose.ui.tooling.PreviewActivity"
238-->[androidx.compose.ui:ui-tooling-android:1.6.7] AndroidManifest.xml:24:13-71
239            android:exported="true" />
239-->[androidx.compose.ui:ui-tooling-android:1.6.7] AndroidManifest.xml:25:13-36
240
241        <uses-library
241-->[androidx.privacysandbox.ads:ads-adservices:1.0.0-beta05] AndroidManifest.xml:23:9-25:40
242            android:name="android.ext.adservices"
242-->[androidx.privacysandbox.ads:ads-adservices:1.0.0-beta05] AndroidManifest.xml:24:13-50
243            android:required="false" />
243-->[androidx.privacysandbox.ads:ads-adservices:1.0.0-beta05] AndroidManifest.xml:25:13-37
244
245        <activity
245-->[com.google.android.gms:play-services-base:18.0.1] AndroidManifest.xml:20:9-22:45
246            android:name="com.google.android.gms.common.api.GoogleApiActivity"
246-->[com.google.android.gms:play-services-base:18.0.1] AndroidManifest.xml:20:19-85
247            android:exported="false"
247-->[com.google.android.gms:play-services-base:18.0.1] AndroidManifest.xml:22:19-43
248            android:theme="@android:style/Theme.Translucent.NoTitleBar" />
248-->[com.google.android.gms:play-services-base:18.0.1] AndroidManifest.xml:21:19-78
249
250        <meta-data
250-->[com.google.android.gms:play-services-basement:18.3.0] AndroidManifest.xml:21:9-23:69
251            android:name="com.google.android.gms.version"
251-->[com.google.android.gms:play-services-basement:18.3.0] AndroidManifest.xml:22:13-58
252            android:value="@integer/google_play_services_version" />
252-->[com.google.android.gms:play-services-basement:18.3.0] AndroidManifest.xml:23:13-66
253
254        <receiver
254-->[androidx.profileinstaller:profileinstaller:1.3.1] AndroidManifest.xml:34:9-52:20
255            android:name="androidx.profileinstaller.ProfileInstallReceiver"
255-->[androidx.profileinstaller:profileinstaller:1.3.1] AndroidManifest.xml:35:13-76
256            android:directBootAware="false"
256-->[androidx.profileinstaller:profileinstaller:1.3.1] AndroidManifest.xml:36:13-44
257            android:enabled="true"
257-->[androidx.profileinstaller:profileinstaller:1.3.1] AndroidManifest.xml:37:13-35
258            android:exported="true"
258-->[androidx.profileinstaller:profileinstaller:1.3.1] AndroidManifest.xml:38:13-36
259            android:permission="android.permission.DUMP" >
259-->[androidx.profileinstaller:profileinstaller:1.3.1] AndroidManifest.xml:39:13-57
260            <intent-filter>
260-->[androidx.profileinstaller:profileinstaller:1.3.1] AndroidManifest.xml:40:13-42:29
261                <action android:name="androidx.profileinstaller.action.INSTALL_PROFILE" />
261-->[androidx.profileinstaller:profileinstaller:1.3.1] AndroidManifest.xml:41:17-91
261-->[androidx.profileinstaller:profileinstaller:1.3.1] AndroidManifest.xml:41:25-88
262            </intent-filter>
263            <intent-filter>
263-->[androidx.profileinstaller:profileinstaller:1.3.1] AndroidManifest.xml:43:13-45:29
264                <action android:name="androidx.profileinstaller.action.SKIP_FILE" />
264-->[androidx.profileinstaller:profileinstaller:1.3.1] AndroidManifest.xml:44:17-85
264-->[androidx.profileinstaller:profileinstaller:1.3.1] AndroidManifest.xml:44:25-82
265            </intent-filter>
266            <intent-filter>
266-->[androidx.profileinstaller:profileinstaller:1.3.1] AndroidManifest.xml:46:13-48:29
267                <action android:name="androidx.profileinstaller.action.SAVE_PROFILE" />
267-->[androidx.profileinstaller:profileinstaller:1.3.1] AndroidManifest.xml:47:17-88
267-->[androidx.profileinstaller:profileinstaller:1.3.1] AndroidManifest.xml:47:25-85
268            </intent-filter>
269            <intent-filter>
269-->[androidx.profileinstaller:profileinstaller:1.3.1] AndroidManifest.xml:49:13-51:29
270                <action android:name="androidx.profileinstaller.action.BENCHMARK_OPERATION" />
270-->[androidx.profileinstaller:profileinstaller:1.3.1] AndroidManifest.xml:50:17-95
270-->[androidx.profileinstaller:profileinstaller:1.3.1] AndroidManifest.xml:50:25-92
271            </intent-filter>
272        </receiver>
273
274        <service
274-->[com.google.android.datatransport:transport-backend-cct:3.1.9] AndroidManifest.xml:28:9-34:19
275            android:name="com.google.android.datatransport.runtime.backends.TransportBackendDiscovery"
275-->[com.google.android.datatransport:transport-backend-cct:3.1.9] AndroidManifest.xml:29:13-103
276            android:exported="false" >
276-->[com.google.android.datatransport:transport-backend-cct:3.1.9] AndroidManifest.xml:30:13-37
277            <meta-data
277-->[com.google.android.datatransport:transport-backend-cct:3.1.9] AndroidManifest.xml:31:13-33:39
278                android:name="backend:com.google.android.datatransport.cct.CctBackendFactory"
278-->[com.google.android.datatransport:transport-backend-cct:3.1.9] AndroidManifest.xml:32:17-94
279                android:value="cct" />
279-->[com.google.android.datatransport:transport-backend-cct:3.1.9] AndroidManifest.xml:33:17-36
280        </service>
281        <service
281-->[com.google.android.datatransport:transport-runtime:3.1.9] AndroidManifest.xml:26:9-30:19
282            android:name="com.google.android.datatransport.runtime.scheduling.jobscheduling.JobInfoSchedulerService"
282-->[com.google.android.datatransport:transport-runtime:3.1.9] AndroidManifest.xml:27:13-117
283            android:exported="false"
283-->[com.google.android.datatransport:transport-runtime:3.1.9] AndroidManifest.xml:28:13-37
284            android:permission="android.permission.BIND_JOB_SERVICE" >
284-->[com.google.android.datatransport:transport-runtime:3.1.9] AndroidManifest.xml:29:13-69
285        </service>
286
287        <receiver
287-->[com.google.android.datatransport:transport-runtime:3.1.9] AndroidManifest.xml:32:9-34:40